Vivado Simulator 2017.4
Copyright 1986-1999, 2001-2016 Xilinx, Inc. All Rights Reserved.
Running: E:/Vivado2017.4/Vivado/2017.4/bin/unwrapped/win64.o/xelab.exe -wto dda959b34e324c27a9365c16aa0ecbc4 --incr --debug typical --relax --mt 2 -L xil_defaultlib -L unisims_ver -L unimacro_ver -L secureip -L xpm --snapshot MIPS32SYS_sim_behav xil_defaultlib.MIPS32SYS_sim xil_defaultlib.glbl -log elaborate.log 
Using 2 slave threads.
Starting static elaboration
Completed static elaboration
Starting simulation data flow analysis
Completed simulation data flow analysis
Time Resolution for simulation is 1ps
Compiling module unisims_ver.BUFG
Compiling module unisims_ver.IBUF
Compiling module unisims_ver.PLLE2_ADV(CLKFBOUT_MULT=17,CLKIN...
Compiling module xil_defaultlib.clk_wiz_0_clk_wiz_0_clk_wiz
Compiling module xil_defaultlib.clk_wiz_0
Compiling module unisims_ver.GND
Compiling module unisims_ver.x_lut2_mux4
Compiling module unisims_ver.LUT2
Compiling module xil_defaultlib.program_rom0_bindec
Compiling module unisims_ver.LUT6
Compiling module unisims_ver.FDRE_default
Compiling module xil_defaultlib.program_rom0_blk_mem_gen_mux
Compiling module unisims_ver.RB18_INTERNAL_VLOG(RDADDR_COLLIS...
Compiling module unisims_ver.RAMB18E1(INIT_00=256'b0110100100...
Compiling module xil_defaultlib.program_rom0_blk_mem_gen_prim_wr...
Compiling module xil_defaultlib.program_rom0_blk_mem_gen_prim_wi...
Compiling module unisims_ver.RB36_INTERNAL_VLOG(RDADDR_COLLIS...
Compiling module unisims_ver.RAMB36E1(RDADDR_COLLISION_HWCONF...
Compiling module xil_defaultlib.program_rom0_blk_mem_gen_prim_wr...
Compiling module xil_defaultlib.program_rom0_blk_mem_gen_prim_wi...
Compiling module unisims_ver.RB36_INTERNAL_VLOG(RDADDR_COLLIS...
Compiling module unisims_ver.RAMB36E1(INITP_00=256'b011001000...
Compiling module xil_defaultlib.program_rom0_blk_mem_gen_prim_wr...
Compiling module xil_defaultlib.program_rom0_blk_mem_gen_prim_wi...
Compiling module xil_defaultlib.program_rom0_blk_mem_gen_prim_wr...
Compiling module xil_defaultlib.program_rom0_blk_mem_gen_prim_wi...
Compiling module xil_defaultlib.program_rom0_blk_mem_gen_prim_wr...
Compiling module xil_defaultlib.program_rom0_blk_mem_gen_prim_wi...
Compiling module xil_defaultlib.program_rom0_blk_mem_gen_prim_wr...
Compiling module xil_defaultlib.program_rom0_blk_mem_gen_prim_wi...
Compiling module unisims_ver.RB36_INTERNAL_VLOG(RDADDR_COLLIS...
Compiling module unisims_ver.RAMB36E1(INIT_00=256'b0111100000...
Compiling module xil_defaultlib.program_rom0_blk_mem_gen_prim_wr...
Compiling module xil_defaultlib.program_rom0_blk_mem_gen_prim_wi...
Compiling module unisims_ver.RB36_INTERNAL_VLOG(RDADDR_COLLIS...
Compiling module unisims_ver.RAMB36E1(INIT_00=256'b0111110100...
Compiling module xil_defaultlib.program_rom0_blk_mem_gen_prim_wr...
Compiling module xil_defaultlib.program_rom0_blk_mem_gen_prim_wi...
Compiling module unisims_ver.RB36_INTERNAL_VLOG(RDADDR_COLLIS...
Compiling module unisims_ver.RAMB36E1(INITP_00=256'b011000010...
Compiling module xil_defaultlib.program_rom0_blk_mem_gen_prim_wr...
Compiling module xil_defaultlib.program_rom0_blk_mem_gen_prim_wi...
Compiling module xil_defaultlib.program_rom0_blk_mem_gen_prim_wr...
Compiling module xil_defaultlib.program_rom0_blk_mem_gen_prim_wi...
Compiling module xil_defaultlib.program_rom0_blk_mem_gen_prim_wr...
Compiling module xil_defaultlib.program_rom0_blk_mem_gen_prim_wi...
Compiling module xil_defaultlib.program_rom0_blk_mem_gen_prim_wr...
Compiling module xil_defaultlib.program_rom0_blk_mem_gen_prim_wi...
Compiling module unisims_ver.RB36_INTERNAL_VLOG(RDADDR_COLLIS...
Compiling module unisims_ver.RAMB36E1(INITP_00=256'b010000001...
Compiling module xil_defaultlib.program_rom0_blk_mem_gen_prim_wr...
Compiling module xil_defaultlib.program_rom0_blk_mem_gen_prim_wi...
Compiling module xil_defaultlib.program_rom0_blk_mem_gen_prim_wr...
Compiling module xil_defaultlib.program_rom0_blk_mem_gen_prim_wi...
Compiling module xil_defaultlib.program_rom0_blk_mem_gen_prim_wr...
Compiling module xil_defaultlib.program_rom0_blk_mem_gen_prim_wi...
Compiling module xil_defaultlib.program_rom0_blk_mem_gen_generic...
Compiling module xil_defaultlib.program_rom0_blk_mem_gen_top
Compiling module xil_defaultlib.program_rom0_blk_mem_gen_v8_4_1_...
Compiling module xil_defaultlib.program_rom0_blk_mem_gen_v8_4_1
Compiling module xil_defaultlib.program_rom0
Compiling module xil_defaultlib.IF
Compiling module xil_defaultlib.IR_reg
Compiling module xil_defaultlib.PCAddFour
Compiling module xil_defaultlib.PCJump
Compiling module xil_defaultlib.SignExtend
Compiling module xil_defaultlib.PCAddImm
Compiling module xil_defaultlib.DataSelector_4to1
Compiling module xil_defaultlib.ID
Compiling module xil_defaultlib.regfile
Compiling module xil_defaultlib.idexe_reg
Compiling module unisims_ver.CARRY4
Compiling module unisims_ver.LUT4
Compiling module xil_defaultlib.multu_luts
Compiling module xil_defaultlib.multu_mult_gen_v12_0_13_viv
Compiling module xil_defaultlib.multu_mult_gen_v12_0_13
Compiling module xil_defaultlib.multu
Compiling module unisims_ver.x_lut3_mux8
Compiling module unisims_ver.LUT3
Compiling module unisims_ver.x_lut1_mux2
Compiling module unisims_ver.LUT1
Compiling module xil_defaultlib.mult_luts
Compiling module xil_defaultlib.mult_mult_gen_v12_0_13_viv
Compiling module xil_defaultlib.mult_mult_gen_v12_0_13
Compiling module xil_defaultlib.mult
Compiling module xil_defaultlib.divu_xbip_pipe_v3_0_4_viv__param...
Compiling module unisims_ver.FDRE(INIT=1'b1)
Compiling module xil_defaultlib.divu_xbip_pipe_v3_0_4_viv__param...
Compiling module xil_defaultlib.divu_xbip_pipe_v3_0_4_viv__param...
Compiling module xil_defaultlib.divu_c_addsub_lut6_185
Compiling module xil_defaultlib.divu_c_addsub_viv_184
Compiling module xil_defaultlib.divu_addsubreg_v
Compiling module xil_defaultlib.divu_xbip_pipe_v3_0_4_viv__param...
Compiling module xil_defaultlib.divu_xbip_pipe_v3_0_4_viv__param...
Compiling module xil_defaultlib.divu_xbip_pipe_v3_0_4_viv__param...
Compiling module xil_defaultlib.divu_c_addsub_lut6_180
Compiling module xil_defaultlib.divu_c_addsub_viv_179
Compiling module xil_defaultlib.divu_addsubreg_v_0
Compiling module xil_defaultlib.divu_xbip_pipe_v3_0_4_viv__param...
Compiling module xil_defaultlib.divu_xbip_pipe_v3_0_4_viv__param...
Compiling module xil_defaultlib.divu_xbip_pipe_v3_0_4_viv__param...
Compiling module xil_defaultlib.divu_c_addsub_lut6_175
Compiling module xil_defaultlib.divu_c_addsub_viv_174
Compiling module xil_defaultlib.divu_addsubreg_v_1
Compiling module xil_defaultlib.divu_xbip_pipe_v3_0_4_viv__param...
Compiling module xil_defaultlib.divu_xbip_pipe_v3_0_4_viv__param...
Compiling module xil_defaultlib.divu_xbip_pipe_v3_0_4_viv__param...
Compiling module xil_defaultlib.divu_c_addsub_lut6_170
Compiling module xil_defaultlib.divu_c_addsub_viv_169
Compiling module xil_defaultlib.divu_addsubreg_v_2
Compiling module xil_defaultlib.divu_xbip_pipe_v3_0_4_viv__param...
Compiling module xil_defaultlib.divu_xbip_pipe_v3_0_4_viv__param...
Compiling module xil_defaultlib.divu_xbip_pipe_v3_0_4_viv__param...
Compiling module xil_defaultlib.divu_c_addsub_lut6_165
Compiling module xil_defaultlib.divu_c_addsub_viv_164
Compiling module xil_defaultlib.divu_addsubreg_v_3
Compiling module xil_defaultlib.divu_xbip_pipe_v3_0_4_viv__param...
Compiling module xil_defaultlib.divu_xbip_pipe_v3_0_4_viv__param...
Compiling module xil_defaultlib.divu_xbip_pipe_v3_0_4_viv__param...
Compiling module xil_defaultlib.divu_c_addsub_lut6_160
Compiling module xil_defaultlib.divu_c_addsub_viv_159
Compiling module xil_defaultlib.divu_addsubreg_v_4
Compiling module xil_defaultlib.divu_xbip_pipe_v3_0_4_viv__param...
Compiling module xil_defaultlib.divu_xbip_pipe_v3_0_4_viv__param...
Compiling module xil_defaultlib.divu_xbip_pipe_v3_0_4_viv__param...
Compiling module xil_defaultlib.divu_c_addsub_lut6_155
Compiling module xil_defaultlib.divu_c_addsub_viv_154
Compiling module xil_defaultlib.divu_addsubreg_v_5
Compiling module xil_defaultlib.divu_xbip_pipe_v3_0_4_viv__param...
Compiling module xil_defaultlib.divu_xbip_pipe_v3_0_4_viv__param...
Compiling module xil_defaultlib.divu_xbip_pipe_v3_0_4_viv__param...
Compiling module xil_defaultlib.divu_c_addsub_lut6_150
Compiling module xil_defaultlib.divu_c_addsub_viv_149
Compiling module xil_defaultlib.divu_addsubreg_v_6
Compiling module xil_defaultlib.divu_xbip_pipe_v3_0_4_viv__param...
Compiling module xil_defaultlib.divu_xbip_pipe_v3_0_4_viv__param...
Compiling module xil_defaultlib.divu_xbip_pipe_v3_0_4_viv__param...
Compiling module xil_defaultlib.divu_c_addsub_lut6_145
Compiling module xil_defaultlib.divu_c_addsub_viv_144
Compiling module xil_defaultlib.divu_addsubreg_v_7
Compiling module xil_defaultlib.divu_xbip_pipe_v3_0_4_viv__param...
Compiling module xil_defaultlib.divu_xbip_pipe_v3_0_4_viv__param...
Compiling module xil_defaultlib.divu_xbip_pipe_v3_0_4_viv__param...
Compiling module xil_defaultlib.divu_c_addsub_lut6_140
Compiling module xil_defaultlib.divu_c_addsub_viv_139
Compiling module xil_defaultlib.divu_addsubreg_v_8
Compiling module xil_defaultlib.divu_xbip_pipe_v3_0_4_viv__param...
Compiling module xil_defaultlib.divu_xbip_pipe_v3_0_4_viv__param...
Compiling module xil_defaultlib.divu_xbip_pipe_v3_0_4_viv__param...
Compiling module xil_defaultlib.divu_c_addsub_lut6_135
Compiling module xil_defaultlib.divu_c_addsub_viv_134
Compiling module xil_defaultlib.divu_addsubreg_v_9
Compiling module xil_defaultlib.divu_xbip_pipe_v3_0_4_viv__param...
Compiling module xil_defaultlib.divu_xbip_pipe_v3_0_4_viv__param...
Compiling module xil_defaultlib.divu_xbip_pipe_v3_0_4_viv__param...
Compiling module xil_defaultlib.divu_c_addsub_lut6_130
Compiling module xil_defaultlib.divu_c_addsub_viv_129
Compiling module xil_defaultlib.divu_addsubreg_v_10
Compiling module xil_defaultlib.divu_xbip_pipe_v3_0_4_viv__param...
Compiling module xil_defaultlib.divu_xbip_pipe_v3_0_4_viv__param...
Compiling module xil_defaultlib.divu_xbip_pipe_v3_0_4_viv__param...
Compiling module xil_defaultlib.divu_c_addsub_lut6_125
Compiling module xil_defaultlib.divu_c_addsub_viv_124
Compiling module xil_defaultlib.divu_addsubreg_v_11
Compiling module xil_defaultlib.divu_xbip_pipe_v3_0_4_viv__param...
Compiling module xil_defaultlib.divu_xbip_pipe_v3_0_4_viv__param...
Compiling module xil_defaultlib.divu_xbip_pipe_v3_0_4_viv__param...
Compiling module xil_defaultlib.divu_c_addsub_lut6_120
Compiling module xil_defaultlib.divu_c_addsub_viv_119
Compiling module xil_defaultlib.divu_addsubreg_v_12
Compiling module xil_defaultlib.divu_xbip_pipe_v3_0_4_viv__param...
Compiling module xil_defaultlib.divu_xbip_pipe_v3_0_4_viv__param...
Compiling module xil_defaultlib.divu_xbip_pipe_v3_0_4_viv__param...
Compiling module xil_defaultlib.divu_c_addsub_lut6_115
Compiling module xil_defaultlib.divu_c_addsub_viv_114
Compiling module xil_defaultlib.divu_addsubreg_v_13
Compiling module xil_defaultlib.divu_xbip_pipe_v3_0_4_viv__param...
Compiling module xil_defaultlib.divu_xbip_pipe_v3_0_4_viv__param...
Compiling module xil_defaultlib.divu_xbip_pipe_v3_0_4_viv__param...
Compiling module xil_defaultlib.divu_c_addsub_lut6_110
Compiling module xil_defaultlib.divu_c_addsub_viv_109
Compiling module xil_defaultlib.divu_addsubreg_v_14
Compiling module xil_defaultlib.divu_xbip_pipe_v3_0_4_viv__param...
Compiling module xil_defaultlib.divu_xbip_pipe_v3_0_4_viv__param...
Compiling module xil_defaultlib.divu_xbip_pipe_v3_0_4_viv__param...
Compiling module xil_defaultlib.divu_c_addsub_lut6_105
Compiling module xil_defaultlib.divu_c_addsub_viv_104
Compiling module xil_defaultlib.divu_addsubreg_v_15
Compiling module xil_defaultlib.divu_xbip_pipe_v3_0_4_viv__param...
Compiling module xil_defaultlib.divu_xbip_pipe_v3_0_4_viv__param...
Compiling module xil_defaultlib.divu_xbip_pipe_v3_0_4_viv__param...
Compiling module xil_defaultlib.divu_c_addsub_lut6_100
Compiling module xil_defaultlib.divu_c_addsub_viv_99
Compiling module xil_defaultlib.divu_addsubreg_v_16
Compiling module xil_defaultlib.divu_xbip_pipe_v3_0_4_viv__param...
Compiling module xil_defaultlib.divu_xbip_pipe_v3_0_4_viv__param...
Compiling module xil_defaultlib.divu_xbip_pipe_v3_0_4_viv__param...
Compiling module xil_defaultlib.divu_c_addsub_lut6_95
Compiling module xil_defaultlib.divu_c_addsub_viv_94
Compiling module xil_defaultlib.divu_addsubreg_v_17
Compiling module xil_defaultlib.divu_xbip_pipe_v3_0_4_viv__param...
Compiling module xil_defaultlib.divu_xbip_pipe_v3_0_4_viv__param...
Compiling module xil_defaultlib.divu_xbip_pipe_v3_0_4_viv__param...
Compiling module xil_defaultlib.divu_c_addsub_lut6_90
Compiling module xil_defaultlib.divu_c_addsub_viv_89
Compiling module xil_defaultlib.divu_addsubreg_v_18
Compiling module xil_defaultlib.divu_xbip_pipe_v3_0_4_viv__param...
Compiling module xil_defaultlib.divu_xbip_pipe_v3_0_4_viv__param...
Compiling module xil_defaultlib.divu_xbip_pipe_v3_0_4_viv__param...
Compiling module xil_defaultlib.divu_c_addsub_lut6_85
Compiling module xil_defaultlib.divu_c_addsub_viv_84
Compiling module xil_defaultlib.divu_addsubreg_v_19
Compiling module xil_defaultlib.divu_xbip_pipe_v3_0_4_viv__param...
Compiling module xil_defaultlib.divu_xbip_pipe_v3_0_4_viv__param...
Compiling module xil_defaultlib.divu_xbip_pipe_v3_0_4_viv__param...
Compiling module xil_defaultlib.divu_c_addsub_lut6_80
Compiling module xil_defaultlib.divu_c_addsub_viv_79
Compiling module xil_defaultlib.divu_addsubreg_v_20
Compiling module xil_defaultlib.divu_xbip_pipe_v3_0_4_viv__param...
Compiling module xil_defaultlib.divu_xbip_pipe_v3_0_4_viv__param...
Compiling module xil_defaultlib.divu_xbip_pipe_v3_0_4_viv__param...
Compiling module xil_defaultlib.divu_c_addsub_lut6_75
Compiling module xil_defaultlib.divu_c_addsub_viv_74
Compiling module xil_defaultlib.divu_addsubreg_v_21
Compiling module xil_defaultlib.divu_xbip_pipe_v3_0_4_viv__param...
Compiling module xil_defaultlib.divu_xbip_pipe_v3_0_4_viv__param...
Compiling module xil_defaultlib.divu_xbip_pipe_v3_0_4_viv__param...
Compiling module xil_defaultlib.divu_c_addsub_lut6_70
Compiling module xil_defaultlib.divu_c_addsub_viv_69
Compiling module xil_defaultlib.divu_addsubreg_v_22
Compiling module xil_defaultlib.divu_xbip_pipe_v3_0_4_viv__param...
Compiling module xil_defaultlib.divu_xbip_pipe_v3_0_4_viv__param...
Compiling module xil_defaultlib.divu_xbip_pipe_v3_0_4_viv__param...
Compiling module xil_defaultlib.divu_c_addsub_lut6_65
Compiling module xil_defaultlib.divu_c_addsub_viv_64
Compiling module xil_defaultlib.divu_addsubreg_v_23
Compiling module xil_defaultlib.divu_xbip_pipe_v3_0_4_viv__param...
Compiling module xil_defaultlib.divu_xbip_pipe_v3_0_4_viv__param...
Compiling module xil_defaultlib.divu_xbip_pipe_v3_0_4_viv__param...
Compiling module xil_defaultlib.divu_c_addsub_lut6_60
Compiling module xil_defaultlib.divu_c_addsub_viv_59
Compiling module xil_defaultlib.divu_addsubreg_v_24
Compiling module xil_defaultlib.divu_xbip_pipe_v3_0_4_viv__param...
Compiling module xil_defaultlib.divu_xbip_pipe_v3_0_4_viv__param...
Compiling module xil_defaultlib.divu_xbip_pipe_v3_0_4_viv__param...
Compiling module xil_defaultlib.divu_c_addsub_lut6_55
Compiling module xil_defaultlib.divu_c_addsub_viv_54
Compiling module xil_defaultlib.divu_addsubreg_v_25
Compiling module xil_defaultlib.divu_xbip_pipe_v3_0_4_viv__param...
Compiling module xil_defaultlib.divu_xbip_pipe_v3_0_4_viv__param...
Compiling module xil_defaultlib.divu_xbip_pipe_v3_0_4_viv__param...
Compiling module xil_defaultlib.divu_c_addsub_lut6_50
Compiling module xil_defaultlib.divu_c_addsub_viv_49
Compiling module xil_defaultlib.divu_addsubreg_v_26
Compiling module xil_defaultlib.divu_xbip_pipe_v3_0_4_viv__param...
Compiling module xil_defaultlib.divu_xbip_pipe_v3_0_4_viv__param...
Compiling module xil_defaultlib.divu_xbip_pipe_v3_0_4_viv__param...
Compiling module xil_defaultlib.divu_c_addsub_lut6_45
Compiling module xil_defaultlib.divu_c_addsub_viv_44
Compiling module xil_defaultlib.divu_addsubreg_v_27
Compiling module xil_defaultlib.divu_xbip_pipe_v3_0_4_viv__param...
Compiling module xil_defaultlib.divu_xbip_pipe_v3_0_4_viv__param...
Compiling module xil_defaultlib.divu_xbip_pipe_v3_0_4_viv__param...
Compiling module xil_defaultlib.divu_c_addsub_lut6_40
Compiling module xil_defaultlib.divu_c_addsub_viv_39
Compiling module xil_defaultlib.divu_addsubreg_v_28
Compiling module xil_defaultlib.divu_xbip_pipe_v3_0_4_viv__param...
Compiling module xil_defaultlib.divu_xbip_pipe_v3_0_4_viv__param...
Compiling module xil_defaultlib.divu_xbip_pipe_v3_0_4_viv__param...
Compiling module xil_defaultlib.divu_c_addsub_lut6_35
Compiling module xil_defaultlib.divu_c_addsub_viv_34
Compiling module xil_defaultlib.divu_addsubreg_v_29
Compiling module xil_defaultlib.divu_xbip_pipe_v3_0_4_viv__param...
Compiling module xil_defaultlib.divu_xbip_pipe_v3_0_4_viv__param...
Compiling module xil_defaultlib.divu_xbip_pipe_v3_0_4_viv__param...
Compiling module xil_defaultlib.divu_c_addsub_lut6
Compiling module xil_defaultlib.divu_c_addsub_viv
Compiling module xil_defaultlib.divu_addsubreg_v_30
Compiling module xil_defaultlib.divu_xbip_pipe_v3_0_4_viv__param...
Compiling module xil_defaultlib.divu_xbip_pipe_v3_0_4_viv__param...
Compiling module xil_defaultlib.divu_xbip_pipe_v3_0_4_viv__param...
Compiling module xil_defaultlib.divu_c_addsub_lut6__parameterize...
Compiling module xil_defaultlib.divu_c_addsub_viv__parameterized...
Compiling module xil_defaultlib.divu_addsubreg_v__parameterized0
Compiling module xil_defaultlib.divu_dividervdc_v
Compiling module xil_defaultlib.divu_bip_sdivider_synth
Compiling module xil_defaultlib.divu_div_gen_synth
Compiling module unisims_ver.LUT5
Compiling module xil_defaultlib.divu_div_gen_v5_1_12_viv
Compiling module xil_defaultlib.divu_div_gen_v5_1_12
Compiling module xil_defaultlib.divu
Compiling module xil_defaultlib.div_xbip_pipe_v3_0_4_viv__parame...
Compiling module xil_defaultlib.div_xbip_pipe_v3_0_4_viv__parame...
Compiling module xil_defaultlib.div_xbip_pipe_v3_0_4_viv__parame...
Compiling module xil_defaultlib.div_c_addsub_lut6_185
Compiling module xil_defaultlib.div_c_addsub_viv_184
Compiling module xil_defaultlib.div_addsubreg_v
Compiling module xil_defaultlib.div_xbip_pipe_v3_0_4_viv__parame...
Compiling module xil_defaultlib.div_xbip_pipe_v3_0_4_viv__parame...
Compiling module xil_defaultlib.div_xbip_pipe_v3_0_4_viv__parame...
Compiling module xil_defaultlib.div_c_addsub_lut6_180
Compiling module xil_defaultlib.div_c_addsub_viv_179
Compiling module xil_defaultlib.div_addsubreg_v_0
Compiling module xil_defaultlib.div_xbip_pipe_v3_0_4_viv__parame...
Compiling module xil_defaultlib.div_xbip_pipe_v3_0_4_viv__parame...
Compiling module xil_defaultlib.div_xbip_pipe_v3_0_4_viv__parame...
Compiling module xil_defaultlib.div_c_addsub_lut6_175
Compiling module xil_defaultlib.div_c_addsub_viv_174
Compiling module xil_defaultlib.div_addsubreg_v_1
Compiling module xil_defaultlib.div_xbip_pipe_v3_0_4_viv__parame...
Compiling module xil_defaultlib.div_xbip_pipe_v3_0_4_viv__parame...
Compiling module xil_defaultlib.div_xbip_pipe_v3_0_4_viv__parame...
Compiling module xil_defaultlib.div_c_addsub_lut6_170
Compiling module xil_defaultlib.div_c_addsub_viv_169
Compiling module xil_defaultlib.div_addsubreg_v_2
Compiling module xil_defaultlib.div_xbip_pipe_v3_0_4_viv__parame...
Compiling module xil_defaultlib.div_xbip_pipe_v3_0_4_viv__parame...
Compiling module xil_defaultlib.div_xbip_pipe_v3_0_4_viv__parame...
Compiling module xil_defaultlib.div_c_addsub_lut6_165
Compiling module xil_defaultlib.div_c_addsub_viv_164
Compiling module xil_defaultlib.div_addsubreg_v_3
Compiling module xil_defaultlib.div_xbip_pipe_v3_0_4_viv__parame...
Compiling module xil_defaultlib.div_xbip_pipe_v3_0_4_viv__parame...
Compiling module xil_defaultlib.div_xbip_pipe_v3_0_4_viv__parame...
Compiling module xil_defaultlib.div_c_addsub_lut6_160
Compiling module xil_defaultlib.div_c_addsub_viv_159
Compiling module xil_defaultlib.div_addsubreg_v_4
Compiling module xil_defaultlib.div_xbip_pipe_v3_0_4_viv__parame...
Compiling module xil_defaultlib.div_xbip_pipe_v3_0_4_viv__parame...
Compiling module xil_defaultlib.div_xbip_pipe_v3_0_4_viv__parame...
Compiling module xil_defaultlib.div_c_addsub_lut6_155
Compiling module xil_defaultlib.div_c_addsub_viv_154
Compiling module xil_defaultlib.div_addsubreg_v_5
Compiling module xil_defaultlib.div_xbip_pipe_v3_0_4_viv__parame...
Compiling module xil_defaultlib.div_xbip_pipe_v3_0_4_viv__parame...
Compiling module xil_defaultlib.div_xbip_pipe_v3_0_4_viv__parame...
Compiling module xil_defaultlib.div_c_addsub_lut6_150
Compiling module xil_defaultlib.div_c_addsub_viv_149
Compiling module xil_defaultlib.div_addsubreg_v_6
Compiling module xil_defaultlib.div_xbip_pipe_v3_0_4_viv__parame...
Compiling module xil_defaultlib.div_xbip_pipe_v3_0_4_viv__parame...
Compiling module xil_defaultlib.div_xbip_pipe_v3_0_4_viv__parame...
Compiling module xil_defaultlib.div_c_addsub_lut6_145
Compiling module xil_defaultlib.div_c_addsub_viv_144
Compiling module xil_defaultlib.div_addsubreg_v_7
Compiling module xil_defaultlib.div_xbip_pipe_v3_0_4_viv__parame...
Compiling module xil_defaultlib.div_xbip_pipe_v3_0_4_viv__parame...
Compiling module xil_defaultlib.div_xbip_pipe_v3_0_4_viv__parame...
Compiling module xil_defaultlib.div_c_addsub_lut6_140
Compiling module xil_defaultlib.div_c_addsub_viv_139
Compiling module xil_defaultlib.div_addsubreg_v_8
Compiling module xil_defaultlib.div_xbip_pipe_v3_0_4_viv__parame...
Compiling module xil_defaultlib.div_xbip_pipe_v3_0_4_viv__parame...
Compiling module xil_defaultlib.div_xbip_pipe_v3_0_4_viv__parame...
Compiling module xil_defaultlib.div_c_addsub_lut6_135
Compiling module xil_defaultlib.div_c_addsub_viv_134
Compiling module xil_defaultlib.div_addsubreg_v_9
Compiling module xil_defaultlib.div_xbip_pipe_v3_0_4_viv__parame...
Compiling module xil_defaultlib.div_xbip_pipe_v3_0_4_viv__parame...
Compiling module xil_defaultlib.div_xbip_pipe_v3_0_4_viv__parame...
Compiling module xil_defaultlib.div_c_addsub_lut6_130
Compiling module xil_defaultlib.div_c_addsub_viv_129
Compiling module xil_defaultlib.div_addsubreg_v_10
Compiling module xil_defaultlib.div_xbip_pipe_v3_0_4_viv__parame...
Compiling module xil_defaultlib.div_xbip_pipe_v3_0_4_viv__parame...
Compiling module xil_defaultlib.div_xbip_pipe_v3_0_4_viv__parame...
Compiling module xil_defaultlib.div_c_addsub_lut6_125
Compiling module xil_defaultlib.div_c_addsub_viv_124
Compiling module xil_defaultlib.div_addsubreg_v_11
Compiling module xil_defaultlib.div_xbip_pipe_v3_0_4_viv__parame...
Compiling module xil_defaultlib.div_xbip_pipe_v3_0_4_viv__parame...
Compiling module xil_defaultlib.div_xbip_pipe_v3_0_4_viv__parame...
Compiling module xil_defaultlib.div_c_addsub_lut6_120
Compiling module xil_defaultlib.div_c_addsub_viv_119
Compiling module xil_defaultlib.div_addsubreg_v_12
Compiling module xil_defaultlib.div_xbip_pipe_v3_0_4_viv__parame...
Compiling module xil_defaultlib.div_xbip_pipe_v3_0_4_viv__parame...
Compiling module xil_defaultlib.div_xbip_pipe_v3_0_4_viv__parame...
Compiling module xil_defaultlib.div_c_addsub_lut6_115
Compiling module xil_defaultlib.div_c_addsub_viv_114
Compiling module xil_defaultlib.div_addsubreg_v_13
Compiling module xil_defaultlib.div_xbip_pipe_v3_0_4_viv__parame...
Compiling module xil_defaultlib.div_xbip_pipe_v3_0_4_viv__parame...
Compiling module xil_defaultlib.div_xbip_pipe_v3_0_4_viv__parame...
Compiling module xil_defaultlib.div_c_addsub_lut6_110
Compiling module xil_defaultlib.div_c_addsub_viv_109
Compiling module xil_defaultlib.div_addsubreg_v_14
Compiling module xil_defaultlib.div_xbip_pipe_v3_0_4_viv__parame...
Compiling module xil_defaultlib.div_xbip_pipe_v3_0_4_viv__parame...
Compiling module xil_defaultlib.div_xbip_pipe_v3_0_4_viv__parame...
Compiling module xil_defaultlib.div_c_addsub_lut6_105
Compiling module xil_defaultlib.div_c_addsub_viv_104
Compiling module xil_defaultlib.div_addsubreg_v_15
Compiling module xil_defaultlib.div_xbip_pipe_v3_0_4_viv__parame...
Compiling module xil_defaultlib.div_xbip_pipe_v3_0_4_viv__parame...
Compiling module xil_defaultlib.div_xbip_pipe_v3_0_4_viv__parame...
Compiling module xil_defaultlib.div_c_addsub_lut6_100
Compiling module xil_defaultlib.div_c_addsub_viv_99
Compiling module xil_defaultlib.div_addsubreg_v_16
Compiling module xil_defaultlib.div_xbip_pipe_v3_0_4_viv__parame...
Compiling module xil_defaultlib.div_xbip_pipe_v3_0_4_viv__parame...
Compiling module xil_defaultlib.div_xbip_pipe_v3_0_4_viv__parame...
Compiling module xil_defaultlib.div_c_addsub_lut6_95
Compiling module xil_defaultlib.div_c_addsub_viv_94
Compiling module xil_defaultlib.div_addsubreg_v_17
Compiling module xil_defaultlib.div_xbip_pipe_v3_0_4_viv__parame...
Compiling module xil_defaultlib.div_xbip_pipe_v3_0_4_viv__parame...
Compiling module xil_defaultlib.div_xbip_pipe_v3_0_4_viv__parame...
Compiling module xil_defaultlib.div_c_addsub_lut6_90
Compiling module xil_defaultlib.div_c_addsub_viv_89
Compiling module xil_defaultlib.div_addsubreg_v_18
Compiling module xil_defaultlib.div_xbip_pipe_v3_0_4_viv__parame...
Compiling module xil_defaultlib.div_xbip_pipe_v3_0_4_viv__parame...
Compiling module xil_defaultlib.div_xbip_pipe_v3_0_4_viv__parame...
Compiling module xil_defaultlib.div_c_addsub_lut6_85
Compiling module xil_defaultlib.div_c_addsub_viv_84
Compiling module xil_defaultlib.div_addsubreg_v_19
Compiling module xil_defaultlib.div_xbip_pipe_v3_0_4_viv__parame...
Compiling module xil_defaultlib.div_xbip_pipe_v3_0_4_viv__parame...
Compiling module xil_defaultlib.div_xbip_pipe_v3_0_4_viv__parame...
Compiling module xil_defaultlib.div_c_addsub_lut6_80
Compiling module xil_defaultlib.div_c_addsub_viv_79
Compiling module xil_defaultlib.div_addsubreg_v_20
Compiling module xil_defaultlib.div_xbip_pipe_v3_0_4_viv__parame...
Compiling module xil_defaultlib.div_xbip_pipe_v3_0_4_viv__parame...
Compiling module xil_defaultlib.div_xbip_pipe_v3_0_4_viv__parame...
Compiling module xil_defaultlib.div_c_addsub_lut6_75
Compiling module xil_defaultlib.div_c_addsub_viv_74
Compiling module xil_defaultlib.div_addsubreg_v_21
Compiling module xil_defaultlib.div_xbip_pipe_v3_0_4_viv__parame...
Compiling module xil_defaultlib.div_xbip_pipe_v3_0_4_viv__parame...
Compiling module xil_defaultlib.div_xbip_pipe_v3_0_4_viv__parame...
Compiling module xil_defaultlib.div_c_addsub_lut6_70
Compiling module xil_defaultlib.div_c_addsub_viv_69
Compiling module xil_defaultlib.div_addsubreg_v_22
Compiling module xil_defaultlib.div_xbip_pipe_v3_0_4_viv__parame...
Compiling module xil_defaultlib.div_xbip_pipe_v3_0_4_viv__parame...
Compiling module xil_defaultlib.div_xbip_pipe_v3_0_4_viv__parame...
Compiling module xil_defaultlib.div_c_addsub_lut6_65
Compiling module xil_defaultlib.div_c_addsub_viv_64
Compiling module xil_defaultlib.div_addsubreg_v_23
Compiling module xil_defaultlib.div_xbip_pipe_v3_0_4_viv__parame...
Compiling module xil_defaultlib.div_xbip_pipe_v3_0_4_viv__parame...
Compiling module xil_defaultlib.div_xbip_pipe_v3_0_4_viv__parame...
Compiling module xil_defaultlib.div_c_addsub_lut6_60
Compiling module xil_defaultlib.div_c_addsub_viv_59
Compiling module xil_defaultlib.div_addsubreg_v_24
Compiling module xil_defaultlib.div_xbip_pipe_v3_0_4_viv__parame...
Compiling module xil_defaultlib.div_xbip_pipe_v3_0_4_viv__parame...
Compiling module xil_defaultlib.div_xbip_pipe_v3_0_4_viv__parame...
Compiling module xil_defaultlib.div_c_addsub_lut6_55
Compiling module xil_defaultlib.div_c_addsub_viv_54
Compiling module xil_defaultlib.div_addsubreg_v_25
Compiling module xil_defaultlib.div_xbip_pipe_v3_0_4_viv__parame...
Compiling module xil_defaultlib.div_xbip_pipe_v3_0_4_viv__parame...
Compiling module xil_defaultlib.div_xbip_pipe_v3_0_4_viv__parame...
Compiling module xil_defaultlib.div_c_addsub_lut6_50
Compiling module xil_defaultlib.div_c_addsub_viv_49
Compiling module xil_defaultlib.div_addsubreg_v_26
Compiling module xil_defaultlib.div_xbip_pipe_v3_0_4_viv__parame...
Compiling module xil_defaultlib.div_xbip_pipe_v3_0_4_viv__parame...
Compiling module xil_defaultlib.div_xbip_pipe_v3_0_4_viv__parame...
Compiling module xil_defaultlib.div_c_addsub_lut6_45
Compiling module xil_defaultlib.div_c_addsub_viv_44
Compiling module xil_defaultlib.div_addsubreg_v_27
Compiling module xil_defaultlib.div_xbip_pipe_v3_0_4_viv__parame...
Compiling module xil_defaultlib.div_xbip_pipe_v3_0_4_viv__parame...
Compiling module xil_defaultlib.div_xbip_pipe_v3_0_4_viv__parame...
Compiling module xil_defaultlib.div_c_addsub_lut6_40
Compiling module xil_defaultlib.div_c_addsub_viv_39
Compiling module xil_defaultlib.div_addsubreg_v_28
Compiling module xil_defaultlib.div_xbip_pipe_v3_0_4_viv__parame...
Compiling module xil_defaultlib.div_xbip_pipe_v3_0_4_viv__parame...
Compiling module xil_defaultlib.div_xbip_pipe_v3_0_4_viv__parame...
Compiling module xil_defaultlib.div_c_addsub_lut6_35
Compiling module xil_defaultlib.div_c_addsub_viv_34
Compiling module xil_defaultlib.div_addsubreg_v_29
Compiling module xil_defaultlib.div_xbip_pipe_v3_0_4_viv__parame...
Compiling module xil_defaultlib.div_xbip_pipe_v3_0_4_viv__parame...
Compiling module xil_defaultlib.div_xbip_pipe_v3_0_4_viv__parame...
Compiling module xil_defaultlib.div_c_addsub_lut6
Compiling module xil_defaultlib.div_c_addsub_viv
Compiling module xil_defaultlib.div_addsubreg_v_30
Compiling module xil_defaultlib.div_xbip_pipe_v3_0_4_viv__parame...
Compiling module xil_defaultlib.div_xbip_pipe_v3_0_4_viv__parame...
Compiling module xil_defaultlib.div_xbip_pipe_v3_0_4_viv__parame...
Compiling module xil_defaultlib.div_c_addsub_lut6__parameterized...
Compiling module xil_defaultlib.div_c_addsub_viv__parameterized0
Compiling module xil_defaultlib.div_addsubreg_v__parameterized0
Compiling module xil_defaultlib.div_dividervdc_v
Compiling module xil_defaultlib.div_bip_sdivider_synth
Compiling module xil_defaultlib.div_div_gen_synth
Compiling module xil_defaultlib.div_div_gen_v5_1_12_viv
Compiling module xil_defaultlib.div_div_gen_v5_1_12
Compiling module xil_defaultlib.div
Compiling module xil_defaultlib.exe_stage
Compiling module xil_defaultlib.exemem_reg
Compiling module xil_defaultlib.mem_stage
Compiling module xil_defaultlib.IORW
Compiling module xil_defaultlib.memwb_reg
Compiling module xil_defaultlib.wb_stage
Compiling module xil_defaultlib.hilo
Compiling module xil_defaultlib.ctrl
Compiling module xil_defaultlib.CP0
Compiling module xil_defaultlib.MIPS32
Compiling module xil_defaultlib.ram0_bindec
Compiling module xil_defaultlib.ram0_blk_mem_gen_mux
Compiling module unisims_ver.RB36_INTERNAL_VLOG(RDADDR_COLLIS...
Compiling module unisims_ver.RAMB36E1(INIT_00=256'b0101010100...
Compiling module xil_defaultlib.ram0_blk_mem_gen_prim_wrapper_in...
Compiling module xil_defaultlib.ram0_blk_mem_gen_prim_width
Compiling module xil_defaultlib.ram0_blk_mem_gen_prim_wrapper_in...
Compiling module xil_defaultlib.ram0_blk_mem_gen_prim_width__par...
Compiling module xil_defaultlib.ram0_blk_mem_gen_prim_wrapper_in...
Compiling module xil_defaultlib.ram0_blk_mem_gen_prim_width__par...
Compiling module xil_defaultlib.ram0_blk_mem_gen_prim_wrapper_in...
Compiling module xil_defaultlib.ram0_blk_mem_gen_prim_width__par...
Compiling module xil_defaultlib.ram0_blk_mem_gen_generic_cstr
Compiling module xil_defaultlib.ram0_blk_mem_gen_top
Compiling module xil_defaultlib.ram0_blk_mem_gen_v8_4_1_synth
Compiling module xil_defaultlib.ram0_blk_mem_gen_v8_4_1
Compiling module xil_defaultlib.ram0
Compiling module xil_defaultlib.ram1_bindec
Compiling module xil_defaultlib.ram1_blk_mem_gen_mux
Compiling module xil_defaultlib.ram1_blk_mem_gen_prim_wrapper_in...
Compiling module xil_defaultlib.ram1_blk_mem_gen_prim_width
Compiling module xil_defaultlib.ram1_blk_mem_gen_prim_wrapper_in...
Compiling module xil_defaultlib.ram1_blk_mem_gen_prim_width__par...
Compiling module xil_defaultlib.ram1_blk_mem_gen_prim_wrapper_in...
Compiling module xil_defaultlib.ram1_blk_mem_gen_prim_width__par...
Compiling module xil_defaultlib.ram1_blk_mem_gen_prim_wrapper_in...
Compiling module xil_defaultlib.ram1_blk_mem_gen_prim_width__par...
Compiling module xil_defaultlib.ram1_blk_mem_gen_generic_cstr
Compiling module xil_defaultlib.ram1_blk_mem_gen_top
Compiling module xil_defaultlib.ram1_blk_mem_gen_v8_4_1_synth
Compiling module xil_defaultlib.ram1_blk_mem_gen_v8_4_1
Compiling module xil_defaultlib.ram1
Compiling module xil_defaultlib.ram2_bindec
Compiling module xil_defaultlib.ram2_blk_mem_gen_mux
Compiling module xil_defaultlib.ram2_blk_mem_gen_prim_wrapper_in...
Compiling module xil_defaultlib.ram2_blk_mem_gen_prim_width
Compiling module xil_defaultlib.ram2_blk_mem_gen_prim_wrapper_in...
Compiling module xil_defaultlib.ram2_blk_mem_gen_prim_width__par...
Compiling module xil_defaultlib.ram2_blk_mem_gen_prim_wrapper_in...
Compiling module xil_defaultlib.ram2_blk_mem_gen_prim_width__par...
Compiling module xil_defaultlib.ram2_blk_mem_gen_prim_wrapper_in...
Compiling module xil_defaultlib.ram2_blk_mem_gen_prim_width__par...
Compiling module xil_defaultlib.ram2_blk_mem_gen_generic_cstr
Compiling module xil_defaultlib.ram2_blk_mem_gen_top
Compiling module xil_defaultlib.ram2_blk_mem_gen_v8_4_1_synth
Compiling module xil_defaultlib.ram2_blk_mem_gen_v8_4_1
Compiling module xil_defaultlib.ram2
Compiling module xil_defaultlib.ram3_bindec
Compiling module xil_defaultlib.ram3_blk_mem_gen_mux
Compiling module xil_defaultlib.ram3_blk_mem_gen_prim_wrapper_in...
Compiling module xil_defaultlib.ram3_blk_mem_gen_prim_width
Compiling module xil_defaultlib.ram3_blk_mem_gen_prim_wrapper_in...
Compiling module xil_defaultlib.ram3_blk_mem_gen_prim_width__par...
Compiling module xil_defaultlib.ram3_blk_mem_gen_prim_wrapper_in...
Compiling module xil_defaultlib.ram3_blk_mem_gen_prim_width__par...
Compiling module xil_defaultlib.ram3_blk_mem_gen_prim_wrapper_in...
Compiling module xil_defaultlib.ram3_blk_mem_gen_prim_width__par...
Compiling module xil_defaultlib.ram3_blk_mem_gen_generic_cstr
Compiling module xil_defaultlib.ram3_blk_mem_gen_top
Compiling module xil_defaultlib.ram3_blk_mem_gen_v8_4_1_synth
Compiling module xil_defaultlib.ram3_blk_mem_gen_v8_4_1
Compiling module xil_defaultlib.ram3
Compiling module xil_defaultlib.dmemory32
Compiling module xil_defaultlib.LED
Compiling module xil_defaultlib.dialSwitch
Compiling module xil_defaultlib.nixieTube
Compiling module xil_defaultlib.keyboard
Compiling module xil_defaultlib.MIPS32_SYS
Compiling module xil_defaultlib.MIPS32SYS_sim
Compiling module xil_defaultlib.glbl
Built simulation snapshot MIPS32SYS_sim_behav
