INFO: [VRFC 10-2263] Analyzing Verilog file "E:/sysclassfiles/cpu_1/cpu_1/cpu_1.srcs/sources_1/ip/ram3/ram3_sim_netlist.v" into library xil_defaultlib
INFO: [VRFC 10-311] analyzing module ram3
INFO: [VRFC 10-311] analyzing module ram3_bindec
INFO: [VRFC 10-311] analyzing module ram3_blk_mem_gen_generic_cstr
INFO: [VRFC 10-311] analyzing module ram3_blk_mem_gen_mux
INFO: [VRFC 10-311] analyzing module ram3_blk_mem_gen_prim_width
INFO: [VRFC 10-311] analyzing module ram3_blk_mem_gen_prim_width__parameterized0
INFO: [VRFC 10-311] analyzing module ram3_blk_mem_gen_prim_width__parameterized1
INFO: [VRFC 10-311] analyzing module ram3_blk_mem_gen_prim_width__parameterized2
INFO: [VRFC 10-311] analyzing module ram3_blk_mem_gen_prim_wrapper_init
INFO: [VRFC 10-311] analyzing module ram3_blk_mem_gen_prim_wrapper_init__parameterized0
INFO: [VRFC 10-311] analyzing module ram3_blk_mem_gen_prim_wrapper_init__parameterized1
INFO: [VRFC 10-311] analyzing module ram3_blk_mem_gen_prim_wrapper_init__parameterized2
INFO: [VRFC 10-311] analyzing module ram3_blk_mem_gen_top
INFO: [VRFC 10-311] analyzing module ram3_blk_mem_gen_v8_4_1
INFO: [VRFC 10-311] analyzing module ram3_blk_mem_gen_v8_4_1_synth
INFO: [VRFC 10-311] analyzing module glbl
INFO: [VRFC 10-2263] Analyzing Verilog file "E:/sysclassfiles/cpu_1/cpu_1/cpu_1.srcs/sources_1/ip/ram2/ram2_sim_netlist.v" into library xil_defaultlib
INFO: [VRFC 10-311] analyzing module ram2
INFO: [VRFC 10-311] analyzing module ram2_bindec
INFO: [VRFC 10-311] analyzing module ram2_blk_mem_gen_generic_cstr
INFO: [VRFC 10-311] analyzing module ram2_blk_mem_gen_mux
INFO: [VRFC 10-311] analyzing module ram2_blk_mem_gen_prim_width
INFO: [VRFC 10-311] analyzing module ram2_blk_mem_gen_prim_width__parameterized0
INFO: [VRFC 10-311] analyzing module ram2_blk_mem_gen_prim_width__parameterized1
INFO: [VRFC 10-311] analyzing module ram2_blk_mem_gen_prim_width__parameterized2
INFO: [VRFC 10-311] analyzing module ram2_blk_mem_gen_prim_wrapper_init
INFO: [VRFC 10-311] analyzing module ram2_blk_mem_gen_prim_wrapper_init__parameterized0
INFO: [VRFC 10-311] analyzing module ram2_blk_mem_gen_prim_wrapper_init__parameterized1
INFO: [VRFC 10-311] analyzing module ram2_blk_mem_gen_prim_wrapper_init__parameterized2
INFO: [VRFC 10-311] analyzing module ram2_blk_mem_gen_top
INFO: [VRFC 10-311] analyzing module ram2_blk_mem_gen_v8_4_1
INFO: [VRFC 10-311] analyzing module ram2_blk_mem_gen_v8_4_1_synth
INFO: [VRFC 10-2263] Analyzing Verilog file "E:/sysclassfiles/cpu_1/cpu_1/cpu_1.srcs/sources_1/ip/ram1/ram1_sim_netlist.v" into library xil_defaultlib
INFO: [VRFC 10-311] analyzing module ram1
INFO: [VRFC 10-311] analyzing module ram1_bindec
INFO: [VRFC 10-311] analyzing module ram1_blk_mem_gen_generic_cstr
INFO: [VRFC 10-311] analyzing module ram1_blk_mem_gen_mux
INFO: [VRFC 10-311] analyzing module ram1_blk_mem_gen_prim_width
INFO: [VRFC 10-311] analyzing module ram1_blk_mem_gen_prim_width__parameterized0
INFO: [VRFC 10-311] analyzing module ram1_blk_mem_gen_prim_width__parameterized1
INFO: [VRFC 10-311] analyzing module ram1_blk_mem_gen_prim_width__parameterized2
INFO: [VRFC 10-311] analyzing module ram1_blk_mem_gen_prim_wrapper_init
INFO: [VRFC 10-311] analyzing module ram1_blk_mem_gen_prim_wrapper_init__parameterized0
INFO: [VRFC 10-311] analyzing module ram1_blk_mem_gen_prim_wrapper_init__parameterized1
INFO: [VRFC 10-311] analyzing module ram1_blk_mem_gen_prim_wrapper_init__parameterized2
INFO: [VRFC 10-311] analyzing module ram1_blk_mem_gen_top
INFO: [VRFC 10-311] analyzing module ram1_blk_mem_gen_v8_4_1
INFO: [VRFC 10-311] analyzing module ram1_blk_mem_gen_v8_4_1_synth
INFO: [VRFC 10-2263] Analyzing Verilog file "E:/sysclassfiles/cpu_1/cpu_1/cpu_1.srcs/sources_1/ip/ram0/ram0_sim_netlist.v" into library xil_defaultlib
INFO: [VRFC 10-311] analyzing module ram0
INFO: [VRFC 10-311] analyzing module ram0_bindec
INFO: [VRFC 10-311] analyzing module ram0_blk_mem_gen_generic_cstr
INFO: [VRFC 10-311] analyzing module ram0_blk_mem_gen_mux
INFO: [VRFC 10-311] analyzing module ram0_blk_mem_gen_prim_width
INFO: [VRFC 10-311] analyzing module ram0_blk_mem_gen_prim_width__parameterized0
INFO: [VRFC 10-311] analyzing module ram0_blk_mem_gen_prim_width__parameterized1
INFO: [VRFC 10-311] analyzing module ram0_blk_mem_gen_prim_width__parameterized2
INFO: [VRFC 10-311] analyzing module ram0_blk_mem_gen_prim_wrapper_init
INFO: [VRFC 10-311] analyzing module ram0_blk_mem_gen_prim_wrapper_init__parameterized0
INFO: [VRFC 10-311] analyzing module ram0_blk_mem_gen_prim_wrapper_init__parameterized1
INFO: [VRFC 10-311] analyzing module ram0_blk_mem_gen_prim_wrapper_init__parameterized2
INFO: [VRFC 10-311] analyzing module ram0_blk_mem_gen_top
INFO: [VRFC 10-311] analyzing module ram0_blk_mem_gen_v8_4_1
INFO: [VRFC 10-311] analyzing module ram0_blk_mem_gen_v8_4_1_synth
INFO: [VRFC 10-2263] Analyzing Verilog file "E:/sysclassfiles/cpu_1/cpu_1/cpu_1.srcs/sources_1/ip/div/div_sim_netlist.v" into library xil_defaultlib
INFO: [VRFC 10-311] analyzing module div
INFO: [VRFC 10-311] analyzing module div_div_gen_v5_1_12
INFO: [VRFC 10-311] analyzing module div_addsubreg_v
INFO: [VRFC 10-311] analyzing module div_addsubreg_v_0
INFO: [VRFC 10-311] analyzing module div_addsubreg_v_1
INFO: [VRFC 10-311] analyzing module div_addsubreg_v_10
INFO: [VRFC 10-311] analyzing module div_addsubreg_v_11
INFO: [VRFC 10-311] analyzing module div_addsubreg_v_12
INFO: [VRFC 10-311] analyzing module div_addsubreg_v_13
INFO: [VRFC 10-311] analyzing module div_addsubreg_v_14
INFO: [VRFC 10-311] analyzing module div_addsubreg_v_15
INFO: [VRFC 10-311] analyzing module div_addsubreg_v_16
INFO: [VRFC 10-311] analyzing module div_addsubreg_v_17
INFO: [VRFC 10-311] analyzing module div_addsubreg_v_18
INFO: [VRFC 10-311] analyzing module div_addsubreg_v_19
INFO: [VRFC 10-311] analyzing module div_addsubreg_v_2
INFO: [VRFC 10-311] analyzing module div_addsubreg_v_20
INFO: [VRFC 10-311] analyzing module div_addsubreg_v_21
INFO: [VRFC 10-311] analyzing module div_addsubreg_v_22
INFO: [VRFC 10-311] analyzing module div_addsubreg_v_23
INFO: [VRFC 10-311] analyzing module div_addsubreg_v_24
INFO: [VRFC 10-311] analyzing module div_addsubreg_v_25
INFO: [VRFC 10-311] analyzing module div_addsubreg_v_26
INFO: [VRFC 10-311] analyzing module div_addsubreg_v_27
INFO: [VRFC 10-311] analyzing module div_addsubreg_v_28
INFO: [VRFC 10-311] analyzing module div_addsubreg_v_29
INFO: [VRFC 10-311] analyzing module div_addsubreg_v_3
INFO: [VRFC 10-311] analyzing module div_addsubreg_v_30
INFO: [VRFC 10-311] analyzing module div_addsubreg_v_4
INFO: [VRFC 10-311] analyzing module div_addsubreg_v_5
INFO: [VRFC 10-311] analyzing module div_addsubreg_v_6
INFO: [VRFC 10-311] analyzing module div_addsubreg_v_7
INFO: [VRFC 10-311] analyzing module div_addsubreg_v_8
INFO: [VRFC 10-311] analyzing module div_addsubreg_v_9
INFO: [VRFC 10-311] analyzing module div_addsubreg_v__parameterized0
INFO: [VRFC 10-311] analyzing module div_bip_sdivider_synth
INFO: [VRFC 10-311] analyzing module div_c_addsub_lut6
INFO: [VRFC 10-311] analyzing module div_c_addsub_lut6_100
INFO: [VRFC 10-311] analyzing module div_c_addsub_lut6_105
INFO: [VRFC 10-311] analyzing module div_c_addsub_lut6_110
INFO: [VRFC 10-311] analyzing module div_c_addsub_lut6_115
INFO: [VRFC 10-311] analyzing module div_c_addsub_lut6_120
INFO: [VRFC 10-311] analyzing module div_c_addsub_lut6_125
INFO: [VRFC 10-311] analyzing module div_c_addsub_lut6_130
INFO: [VRFC 10-311] analyzing module div_c_addsub_lut6_135
INFO: [VRFC 10-311] analyzing module div_c_addsub_lut6_140
INFO: [VRFC 10-311] analyzing module div_c_addsub_lut6_145
INFO: [VRFC 10-311] analyzing module div_c_addsub_lut6_150
INFO: [VRFC 10-311] analyzing module div_c_addsub_lut6_155
INFO: [VRFC 10-311] analyzing module div_c_addsub_lut6_160
INFO: [VRFC 10-311] analyzing module div_c_addsub_lut6_165
INFO: [VRFC 10-311] analyzing module div_c_addsub_lut6_170
INFO: [VRFC 10-311] analyzing module div_c_addsub_lut6_175
INFO: [VRFC 10-311] analyzing module div_c_addsub_lut6_180
INFO: [VRFC 10-311] analyzing module div_c_addsub_lut6_185
INFO: [VRFC 10-311] analyzing module div_c_addsub_lut6_35
INFO: [VRFC 10-311] analyzing module div_c_addsub_lut6_40
INFO: [VRFC 10-311] analyzing module div_c_addsub_lut6_45
INFO: [VRFC 10-311] analyzing module div_c_addsub_lut6_50
INFO: [VRFC 10-311] analyzing module div_c_addsub_lut6_55
INFO: [VRFC 10-311] analyzing module div_c_addsub_lut6_60
INFO: [VRFC 10-311] analyzing module div_c_addsub_lut6_65
INFO: [VRFC 10-311] analyzing module div_c_addsub_lut6_70
INFO: [VRFC 10-311] analyzing module div_c_addsub_lut6_75
INFO: [VRFC 10-311] analyzing module div_c_addsub_lut6_80
INFO: [VRFC 10-311] analyzing module div_c_addsub_lut6_85
INFO: [VRFC 10-311] analyzing module div_c_addsub_lut6_90
INFO: [VRFC 10-311] analyzing module div_c_addsub_lut6_95
INFO: [VRFC 10-311] analyzing module div_c_addsub_lut6__parameterized1
INFO: [VRFC 10-311] analyzing module div_c_addsub_viv
INFO: [VRFC 10-311] analyzing module div_c_addsub_viv_104
INFO: [VRFC 10-311] analyzing module div_c_addsub_viv_109
INFO: [VRFC 10-311] analyzing module div_c_addsub_viv_114
INFO: [VRFC 10-311] analyzing module div_c_addsub_viv_119
INFO: [VRFC 10-311] analyzing module div_c_addsub_viv_124
INFO: [VRFC 10-311] analyzing module div_c_addsub_viv_129
INFO: [VRFC 10-311] analyzing module div_c_addsub_viv_134
INFO: [VRFC 10-311] analyzing module div_c_addsub_viv_139
INFO: [VRFC 10-311] analyzing module div_c_addsub_viv_144
INFO: [VRFC 10-311] analyzing module div_c_addsub_viv_149
INFO: [VRFC 10-311] analyzing module div_c_addsub_viv_154
INFO: [VRFC 10-311] analyzing module div_c_addsub_viv_159
INFO: [VRFC 10-311] analyzing module div_c_addsub_viv_164
INFO: [VRFC 10-311] analyzing module div_c_addsub_viv_169
INFO: [VRFC 10-311] analyzing module div_c_addsub_viv_174
INFO: [VRFC 10-311] analyzing module div_c_addsub_viv_179
INFO: [VRFC 10-311] analyzing module div_c_addsub_viv_184
INFO: [VRFC 10-311] analyzing module div_c_addsub_viv_34
INFO: [VRFC 10-311] analyzing module div_c_addsub_viv_39
INFO: [VRFC 10-311] analyzing module div_c_addsub_viv_44
INFO: [VRFC 10-311] analyzing module div_c_addsub_viv_49
INFO: [VRFC 10-311] analyzing module div_c_addsub_viv_54
INFO: [VRFC 10-311] analyzing module div_c_addsub_viv_59
INFO: [VRFC 10-311] analyzing module div_c_addsub_viv_64
INFO: [VRFC 10-311] analyzing module div_c_addsub_viv_69
INFO: [VRFC 10-311] analyzing module div_c_addsub_viv_74
INFO: [VRFC 10-311] analyzing module div_c_addsub_viv_79
INFO: [VRFC 10-311] analyzing module div_c_addsub_viv_84
INFO: [VRFC 10-311] analyzing module div_c_addsub_viv_89
INFO: [VRFC 10-311] analyzing module div_c_addsub_viv_94
INFO: [VRFC 10-311] analyzing module div_c_addsub_viv_99
INFO: [VRFC 10-311] analyzing module div_c_addsub_viv__parameterized0
INFO: [VRFC 10-311] analyzing module div_div_gen_synth
INFO: [VRFC 10-311] analyzing module div_div_gen_v5_1_12_viv
INFO: [VRFC 10-311] analyzing module div_dividervdc_v
INFO: [VRFC 10-311] analyzing module div_xbip_pipe_v3_0_4_viv__parameterized133
INFO: [VRFC 10-311] analyzing module div_xbip_pipe_v3_0_4_viv__parameterized7
INFO: [VRFC 10-311] analyzing module div_xbip_pipe_v3_0_4_viv__parameterized7_101
INFO: [VRFC 10-311] analyzing module div_xbip_pipe_v3_0_4_viv__parameterized7_103
INFO: [VRFC 10-311] analyzing module div_xbip_pipe_v3_0_4_viv__parameterized7_106
INFO: [VRFC 10-311] analyzing module div_xbip_pipe_v3_0_4_viv__parameterized7_108
INFO: [VRFC 10-311] analyzing module div_xbip_pipe_v3_0_4_viv__parameterized7_111
INFO: [VRFC 10-311] analyzing module div_xbip_pipe_v3_0_4_viv__parameterized7_113
INFO: [VRFC 10-311] analyzing module div_xbip_pipe_v3_0_4_viv__parameterized7_116
INFO: [VRFC 10-311] analyzing module div_xbip_pipe_v3_0_4_viv__parameterized7_118
INFO: [VRFC 10-311] analyzing module div_xbip_pipe_v3_0_4_viv__parameterized7_121
INFO: [VRFC 10-311] analyzing module div_xbip_pipe_v3_0_4_viv__parameterized7_123
INFO: [VRFC 10-311] analyzing module div_xbip_pipe_v3_0_4_viv__parameterized7_126
INFO: [VRFC 10-311] analyzing module div_xbip_pipe_v3_0_4_viv__parameterized7_128
INFO: [VRFC 10-311] analyzing module div_xbip_pipe_v3_0_4_viv__parameterized7_131
INFO: [VRFC 10-311] analyzing module div_xbip_pipe_v3_0_4_viv__parameterized7_133
INFO: [VRFC 10-311] analyzing module div_xbip_pipe_v3_0_4_viv__parameterized7_136
INFO: [VRFC 10-311] analyzing module div_xbip_pipe_v3_0_4_viv__parameterized7_138
INFO: [VRFC 10-311] analyzing module div_xbip_pipe_v3_0_4_viv__parameterized7_141
INFO: [VRFC 10-311] analyzing module div_xbip_pipe_v3_0_4_viv__parameterized7_143
INFO: [VRFC 10-311] analyzing module div_xbip_pipe_v3_0_4_viv__parameterized7_146
INFO: [VRFC 10-311] analyzing module div_xbip_pipe_v3_0_4_viv__parameterized7_148
INFO: [VRFC 10-311] analyzing module div_xbip_pipe_v3_0_4_viv__parameterized7_151
INFO: [VRFC 10-311] analyzing module div_xbip_pipe_v3_0_4_viv__parameterized7_153
INFO: [VRFC 10-311] analyzing module div_xbip_pipe_v3_0_4_viv__parameterized7_156
INFO: [VRFC 10-311] analyzing module div_xbip_pipe_v3_0_4_viv__parameterized7_158
INFO: [VRFC 10-311] analyzing module div_xbip_pipe_v3_0_4_viv__parameterized7_161
INFO: [VRFC 10-311] analyzing module div_xbip_pipe_v3_0_4_viv__parameterized7_163
INFO: [VRFC 10-311] analyzing module div_xbip_pipe_v3_0_4_viv__parameterized7_166
INFO: [VRFC 10-311] analyzing module div_xbip_pipe_v3_0_4_viv__parameterized7_168
INFO: [VRFC 10-311] analyzing module div_xbip_pipe_v3_0_4_viv__parameterized7_171
INFO: [VRFC 10-311] analyzing module div_xbip_pipe_v3_0_4_viv__parameterized7_173
INFO: [VRFC 10-311] analyzing module div_xbip_pipe_v3_0_4_viv__parameterized7_176
INFO: [VRFC 10-311] analyzing module div_xbip_pipe_v3_0_4_viv__parameterized7_178
INFO: [VRFC 10-311] analyzing module div_xbip_pipe_v3_0_4_viv__parameterized7_181
INFO: [VRFC 10-311] analyzing module div_xbip_pipe_v3_0_4_viv__parameterized7_183
INFO: [VRFC 10-311] analyzing module div_xbip_pipe_v3_0_4_viv__parameterized7_186
INFO: [VRFC 10-311] analyzing module div_xbip_pipe_v3_0_4_viv__parameterized7_188
INFO: [VRFC 10-311] analyzing module div_xbip_pipe_v3_0_4_viv__parameterized7_31
INFO: [VRFC 10-311] analyzing module div_xbip_pipe_v3_0_4_viv__parameterized7_32
INFO: [VRFC 10-311] analyzing module div_xbip_pipe_v3_0_4_viv__parameterized7_33
INFO: [VRFC 10-311] analyzing module div_xbip_pipe_v3_0_4_viv__parameterized7_36
INFO: [VRFC 10-311] analyzing module div_xbip_pipe_v3_0_4_viv__parameterized7_38
INFO: [VRFC 10-311] analyzing module div_xbip_pipe_v3_0_4_viv__parameterized7_41
INFO: [VRFC 10-311] analyzing module div_xbip_pipe_v3_0_4_viv__parameterized7_43
INFO: [VRFC 10-311] analyzing module div_xbip_pipe_v3_0_4_viv__parameterized7_46
INFO: [VRFC 10-311] analyzing module div_xbip_pipe_v3_0_4_viv__parameterized7_48
INFO: [VRFC 10-311] analyzing module div_xbip_pipe_v3_0_4_viv__parameterized7_51
INFO: [VRFC 10-311] analyzing module div_xbip_pipe_v3_0_4_viv__parameterized7_53
INFO: [VRFC 10-311] analyzing module div_xbip_pipe_v3_0_4_viv__parameterized7_56
INFO: [VRFC 10-311] analyzing module div_xbip_pipe_v3_0_4_viv__parameterized7_58
INFO: [VRFC 10-311] analyzing module div_xbip_pipe_v3_0_4_viv__parameterized7_61
INFO: [VRFC 10-311] analyzing module div_xbip_pipe_v3_0_4_viv__parameterized7_63
INFO: [VRFC 10-311] analyzing module div_xbip_pipe_v3_0_4_viv__parameterized7_66
INFO: [VRFC 10-311] analyzing module div_xbip_pipe_v3_0_4_viv__parameterized7_68
INFO: [VRFC 10-311] analyzing module div_xbip_pipe_v3_0_4_viv__parameterized7_71
INFO: [VRFC 10-311] analyzing module div_xbip_pipe_v3_0_4_viv__parameterized7_73
INFO: [VRFC 10-311] analyzing module div_xbip_pipe_v3_0_4_viv__parameterized7_76
INFO: [VRFC 10-311] analyzing module div_xbip_pipe_v3_0_4_viv__parameterized7_78
INFO: [VRFC 10-311] analyzing module div_xbip_pipe_v3_0_4_viv__parameterized7_81
INFO: [VRFC 10-311] analyzing module div_xbip_pipe_v3_0_4_viv__parameterized7_83
INFO: [VRFC 10-311] analyzing module div_xbip_pipe_v3_0_4_viv__parameterized7_86
INFO: [VRFC 10-311] analyzing module div_xbip_pipe_v3_0_4_viv__parameterized7_88
INFO: [VRFC 10-311] analyzing module div_xbip_pipe_v3_0_4_viv__parameterized7_91
INFO: [VRFC 10-311] analyzing module div_xbip_pipe_v3_0_4_viv__parameterized7_93
INFO: [VRFC 10-311] analyzing module div_xbip_pipe_v3_0_4_viv__parameterized7_96
INFO: [VRFC 10-311] analyzing module div_xbip_pipe_v3_0_4_viv__parameterized7_98
INFO: [VRFC 10-311] analyzing module div_xbip_pipe_v3_0_4_viv__parameterized9
INFO: [VRFC 10-311] analyzing module div_xbip_pipe_v3_0_4_viv__parameterized9_102
INFO: [VRFC 10-311] analyzing module div_xbip_pipe_v3_0_4_viv__parameterized9_107
INFO: [VRFC 10-311] analyzing module div_xbip_pipe_v3_0_4_viv__parameterized9_112
INFO: [VRFC 10-311] analyzing module div_xbip_pipe_v3_0_4_viv__parameterized9_117
INFO: [VRFC 10-311] analyzing module div_xbip_pipe_v3_0_4_viv__parameterized9_122
INFO: [VRFC 10-311] analyzing module div_xbip_pipe_v3_0_4_viv__parameterized9_127
INFO: [VRFC 10-311] analyzing module div_xbip_pipe_v3_0_4_viv__parameterized9_132
INFO: [VRFC 10-311] analyzing module div_xbip_pipe_v3_0_4_viv__parameterized9_137
INFO: [VRFC 10-311] analyzing module div_xbip_pipe_v3_0_4_viv__parameterized9_142
INFO: [VRFC 10-311] analyzing module div_xbip_pipe_v3_0_4_viv__parameterized9_147
INFO: [VRFC 10-311] analyzing module div_xbip_pipe_v3_0_4_viv__parameterized9_152
INFO: [VRFC 10-311] analyzing module div_xbip_pipe_v3_0_4_viv__parameterized9_157
INFO: [VRFC 10-311] analyzing module div_xbip_pipe_v3_0_4_viv__parameterized9_162
INFO: [VRFC 10-311] analyzing module div_xbip_pipe_v3_0_4_viv__parameterized9_167
INFO: [VRFC 10-311] analyzing module div_xbip_pipe_v3_0_4_viv__parameterized9_172
INFO: [VRFC 10-311] analyzing module div_xbip_pipe_v3_0_4_viv__parameterized9_177
INFO: [VRFC 10-311] analyzing module div_xbip_pipe_v3_0_4_viv__parameterized9_182
INFO: [VRFC 10-311] analyzing module div_xbip_pipe_v3_0_4_viv__parameterized9_187
INFO: [VRFC 10-311] analyzing module div_xbip_pipe_v3_0_4_viv__parameterized9_37
INFO: [VRFC 10-311] analyzing module div_xbip_pipe_v3_0_4_viv__parameterized9_42
INFO: [VRFC 10-311] analyzing module div_xbip_pipe_v3_0_4_viv__parameterized9_47
INFO: [VRFC 10-311] analyzing module div_xbip_pipe_v3_0_4_viv__parameterized9_52
INFO: [VRFC 10-311] analyzing module div_xbip_pipe_v3_0_4_viv__parameterized9_57
INFO: [VRFC 10-311] analyzing module div_xbip_pipe_v3_0_4_viv__parameterized9_62
INFO: [VRFC 10-311] analyzing module div_xbip_pipe_v3_0_4_viv__parameterized9_67
INFO: [VRFC 10-311] analyzing module div_xbip_pipe_v3_0_4_viv__parameterized9_72
INFO: [VRFC 10-311] analyzing module div_xbip_pipe_v3_0_4_viv__parameterized9_77
INFO: [VRFC 10-311] analyzing module div_xbip_pipe_v3_0_4_viv__parameterized9_82
INFO: [VRFC 10-311] analyzing module div_xbip_pipe_v3_0_4_viv__parameterized9_87
INFO: [VRFC 10-311] analyzing module div_xbip_pipe_v3_0_4_viv__parameterized9_92
INFO: [VRFC 10-311] analyzing module div_xbip_pipe_v3_0_4_viv__parameterized9_97
INFO: [VRFC 10-2263] Analyzing Verilog file "E:/sysclassfiles/cpu_1/cpu_1/cpu_1.srcs/sources_1/ip/divu/divu_sim_netlist.v" into library xil_defaultlib
INFO: [VRFC 10-311] analyzing module divu
INFO: [VRFC 10-311] analyzing module divu_div_gen_v5_1_12
INFO: [VRFC 10-311] analyzing module divu_addsubreg_v
INFO: [VRFC 10-311] analyzing module divu_addsubreg_v_0
INFO: [VRFC 10-311] analyzing module divu_addsubreg_v_1
INFO: [VRFC 10-311] analyzing module divu_addsubreg_v_10
INFO: [VRFC 10-311] analyzing module divu_addsubreg_v_11
INFO: [VRFC 10-311] analyzing module divu_addsubreg_v_12
INFO: [VRFC 10-311] analyzing module divu_addsubreg_v_13
INFO: [VRFC 10-311] analyzing module divu_addsubreg_v_14
INFO: [VRFC 10-311] analyzing module divu_addsubreg_v_15
INFO: [VRFC 10-311] analyzing module divu_addsubreg_v_16
INFO: [VRFC 10-311] analyzing module divu_addsubreg_v_17
INFO: [VRFC 10-311] analyzing module divu_addsubreg_v_18
INFO: [VRFC 10-311] analyzing module divu_addsubreg_v_19
INFO: [VRFC 10-311] analyzing module divu_addsubreg_v_2
INFO: [VRFC 10-311] analyzing module divu_addsubreg_v_20
INFO: [VRFC 10-311] analyzing module divu_addsubreg_v_21
INFO: [VRFC 10-311] analyzing module divu_addsubreg_v_22
INFO: [VRFC 10-311] analyzing module divu_addsubreg_v_23
INFO: [VRFC 10-311] analyzing module divu_addsubreg_v_24
INFO: [VRFC 10-311] analyzing module divu_addsubreg_v_25
INFO: [VRFC 10-311] analyzing module divu_addsubreg_v_26
INFO: [VRFC 10-311] analyzing module divu_addsubreg_v_27
INFO: [VRFC 10-311] analyzing module divu_addsubreg_v_28
INFO: [VRFC 10-311] analyzing module divu_addsubreg_v_29
INFO: [VRFC 10-311] analyzing module divu_addsubreg_v_3
INFO: [VRFC 10-311] analyzing module divu_addsubreg_v_30
INFO: [VRFC 10-311] analyzing module divu_addsubreg_v_4
INFO: [VRFC 10-311] analyzing module divu_addsubreg_v_5
INFO: [VRFC 10-311] analyzing module divu_addsubreg_v_6
INFO: [VRFC 10-311] analyzing module divu_addsubreg_v_7
INFO: [VRFC 10-311] analyzing module divu_addsubreg_v_8
INFO: [VRFC 10-311] analyzing module divu_addsubreg_v_9
INFO: [VRFC 10-311] analyzing module divu_addsubreg_v__parameterized0
INFO: [VRFC 10-311] analyzing module divu_bip_sdivider_synth
INFO: [VRFC 10-311] analyzing module divu_c_addsub_lut6
INFO: [VRFC 10-311] analyzing module divu_c_addsub_lut6_100
INFO: [VRFC 10-311] analyzing module divu_c_addsub_lut6_105
INFO: [VRFC 10-311] analyzing module divu_c_addsub_lut6_110
INFO: [VRFC 10-311] analyzing module divu_c_addsub_lut6_115
INFO: [VRFC 10-311] analyzing module divu_c_addsub_lut6_120
INFO: [VRFC 10-311] analyzing module divu_c_addsub_lut6_125
INFO: [VRFC 10-311] analyzing module divu_c_addsub_lut6_130
INFO: [VRFC 10-311] analyzing module divu_c_addsub_lut6_135
INFO: [VRFC 10-311] analyzing module divu_c_addsub_lut6_140
INFO: [VRFC 10-311] analyzing module divu_c_addsub_lut6_145
INFO: [VRFC 10-311] analyzing module divu_c_addsub_lut6_150
INFO: [VRFC 10-311] analyzing module divu_c_addsub_lut6_155
INFO: [VRFC 10-311] analyzing module divu_c_addsub_lut6_160
INFO: [VRFC 10-311] analyzing module divu_c_addsub_lut6_165
INFO: [VRFC 10-311] analyzing module divu_c_addsub_lut6_170
INFO: [VRFC 10-311] analyzing module divu_c_addsub_lut6_175
INFO: [VRFC 10-311] analyzing module divu_c_addsub_lut6_180
INFO: [VRFC 10-311] analyzing module divu_c_addsub_lut6_185
INFO: [VRFC 10-311] analyzing module divu_c_addsub_lut6_35
INFO: [VRFC 10-311] analyzing module divu_c_addsub_lut6_40
INFO: [VRFC 10-311] analyzing module divu_c_addsub_lut6_45
INFO: [VRFC 10-311] analyzing module divu_c_addsub_lut6_50
INFO: [VRFC 10-311] analyzing module divu_c_addsub_lut6_55
INFO: [VRFC 10-311] analyzing module divu_c_addsub_lut6_60
INFO: [VRFC 10-311] analyzing module divu_c_addsub_lut6_65
INFO: [VRFC 10-311] analyzing module divu_c_addsub_lut6_70
INFO: [VRFC 10-311] analyzing module divu_c_addsub_lut6_75
INFO: [VRFC 10-311] analyzing module divu_c_addsub_lut6_80
INFO: [VRFC 10-311] analyzing module divu_c_addsub_lut6_85
INFO: [VRFC 10-311] analyzing module divu_c_addsub_lut6_90
INFO: [VRFC 10-311] analyzing module divu_c_addsub_lut6_95
INFO: [VRFC 10-311] analyzing module divu_c_addsub_lut6__parameterized1
INFO: [VRFC 10-311] analyzing module divu_c_addsub_viv
INFO: [VRFC 10-311] analyzing module divu_c_addsub_viv_104
INFO: [VRFC 10-311] analyzing module divu_c_addsub_viv_109
INFO: [VRFC 10-311] analyzing module divu_c_addsub_viv_114
INFO: [VRFC 10-311] analyzing module divu_c_addsub_viv_119
INFO: [VRFC 10-311] analyzing module divu_c_addsub_viv_124
INFO: [VRFC 10-311] analyzing module divu_c_addsub_viv_129
INFO: [VRFC 10-311] analyzing module divu_c_addsub_viv_134
INFO: [VRFC 10-311] analyzing module divu_c_addsub_viv_139
INFO: [VRFC 10-311] analyzing module divu_c_addsub_viv_144
INFO: [VRFC 10-311] analyzing module divu_c_addsub_viv_149
INFO: [VRFC 10-311] analyzing module divu_c_addsub_viv_154
INFO: [VRFC 10-311] analyzing module divu_c_addsub_viv_159
INFO: [VRFC 10-311] analyzing module divu_c_addsub_viv_164
INFO: [VRFC 10-311] analyzing module divu_c_addsub_viv_169
INFO: [VRFC 10-311] analyzing module divu_c_addsub_viv_174
INFO: [VRFC 10-311] analyzing module divu_c_addsub_viv_179
INFO: [VRFC 10-311] analyzing module divu_c_addsub_viv_184
INFO: [VRFC 10-311] analyzing module divu_c_addsub_viv_34
INFO: [VRFC 10-311] analyzing module divu_c_addsub_viv_39
INFO: [VRFC 10-311] analyzing module divu_c_addsub_viv_44
INFO: [VRFC 10-311] analyzing module divu_c_addsub_viv_49
INFO: [VRFC 10-311] analyzing module divu_c_addsub_viv_54
INFO: [VRFC 10-311] analyzing module divu_c_addsub_viv_59
INFO: [VRFC 10-311] analyzing module divu_c_addsub_viv_64
INFO: [VRFC 10-311] analyzing module divu_c_addsub_viv_69
INFO: [VRFC 10-311] analyzing module divu_c_addsub_viv_74
INFO: [VRFC 10-311] analyzing module divu_c_addsub_viv_79
INFO: [VRFC 10-311] analyzing module divu_c_addsub_viv_84
INFO: [VRFC 10-311] analyzing module divu_c_addsub_viv_89
INFO: [VRFC 10-311] analyzing module divu_c_addsub_viv_94
INFO: [VRFC 10-311] analyzing module divu_c_addsub_viv_99
INFO: [VRFC 10-311] analyzing module divu_c_addsub_viv__parameterized0
INFO: [VRFC 10-311] analyzing module divu_div_gen_synth
INFO: [VRFC 10-311] analyzing module divu_div_gen_v5_1_12_viv
INFO: [VRFC 10-311] analyzing module divu_dividervdc_v
INFO: [VRFC 10-311] analyzing module divu_xbip_pipe_v3_0_4_viv__parameterized133
INFO: [VRFC 10-311] analyzing module divu_xbip_pipe_v3_0_4_viv__parameterized5
INFO: [VRFC 10-311] analyzing module divu_xbip_pipe_v3_0_4_viv__parameterized5_101
INFO: [VRFC 10-311] analyzing module divu_xbip_pipe_v3_0_4_viv__parameterized5_103
INFO: [VRFC 10-311] analyzing module divu_xbip_pipe_v3_0_4_viv__parameterized5_106
INFO: [VRFC 10-311] analyzing module divu_xbip_pipe_v3_0_4_viv__parameterized5_108
INFO: [VRFC 10-311] analyzing module divu_xbip_pipe_v3_0_4_viv__parameterized5_111
INFO: [VRFC 10-311] analyzing module divu_xbip_pipe_v3_0_4_viv__parameterized5_113
INFO: [VRFC 10-311] analyzing module divu_xbip_pipe_v3_0_4_viv__parameterized5_116
INFO: [VRFC 10-311] analyzing module divu_xbip_pipe_v3_0_4_viv__parameterized5_118
INFO: [VRFC 10-311] analyzing module divu_xbip_pipe_v3_0_4_viv__parameterized5_121
INFO: [VRFC 10-311] analyzing module divu_xbip_pipe_v3_0_4_viv__parameterized5_123
INFO: [VRFC 10-311] analyzing module divu_xbip_pipe_v3_0_4_viv__parameterized5_126
INFO: [VRFC 10-311] analyzing module divu_xbip_pipe_v3_0_4_viv__parameterized5_128
INFO: [VRFC 10-311] analyzing module divu_xbip_pipe_v3_0_4_viv__parameterized5_131
INFO: [VRFC 10-311] analyzing module divu_xbip_pipe_v3_0_4_viv__parameterized5_133
INFO: [VRFC 10-311] analyzing module divu_xbip_pipe_v3_0_4_viv__parameterized5_136
INFO: [VRFC 10-311] analyzing module divu_xbip_pipe_v3_0_4_viv__parameterized5_138
INFO: [VRFC 10-311] analyzing module divu_xbip_pipe_v3_0_4_viv__parameterized5_141
INFO: [VRFC 10-311] analyzing module divu_xbip_pipe_v3_0_4_viv__parameterized5_143
INFO: [VRFC 10-311] analyzing module divu_xbip_pipe_v3_0_4_viv__parameterized5_146
INFO: [VRFC 10-311] analyzing module divu_xbip_pipe_v3_0_4_viv__parameterized5_148
INFO: [VRFC 10-311] analyzing module divu_xbip_pipe_v3_0_4_viv__parameterized5_151
INFO: [VRFC 10-311] analyzing module divu_xbip_pipe_v3_0_4_viv__parameterized5_153
INFO: [VRFC 10-311] analyzing module divu_xbip_pipe_v3_0_4_viv__parameterized5_156
INFO: [VRFC 10-311] analyzing module divu_xbip_pipe_v3_0_4_viv__parameterized5_158
INFO: [VRFC 10-311] analyzing module divu_xbip_pipe_v3_0_4_viv__parameterized5_161
INFO: [VRFC 10-311] analyzing module divu_xbip_pipe_v3_0_4_viv__parameterized5_163
INFO: [VRFC 10-311] analyzing module divu_xbip_pipe_v3_0_4_viv__parameterized5_166
INFO: [VRFC 10-311] analyzing module divu_xbip_pipe_v3_0_4_viv__parameterized5_168
INFO: [VRFC 10-311] analyzing module divu_xbip_pipe_v3_0_4_viv__parameterized5_171
INFO: [VRFC 10-311] analyzing module divu_xbip_pipe_v3_0_4_viv__parameterized5_173
INFO: [VRFC 10-311] analyzing module divu_xbip_pipe_v3_0_4_viv__parameterized5_176
INFO: [VRFC 10-311] analyzing module divu_xbip_pipe_v3_0_4_viv__parameterized5_178
INFO: [VRFC 10-311] analyzing module divu_xbip_pipe_v3_0_4_viv__parameterized5_181
INFO: [VRFC 10-311] analyzing module divu_xbip_pipe_v3_0_4_viv__parameterized5_183
INFO: [VRFC 10-311] analyzing module divu_xbip_pipe_v3_0_4_viv__parameterized5_186
INFO: [VRFC 10-311] analyzing module divu_xbip_pipe_v3_0_4_viv__parameterized5_188
INFO: [VRFC 10-311] analyzing module divu_xbip_pipe_v3_0_4_viv__parameterized5_31
INFO: [VRFC 10-311] analyzing module divu_xbip_pipe_v3_0_4_viv__parameterized5_32
INFO: [VRFC 10-311] analyzing module divu_xbip_pipe_v3_0_4_viv__parameterized5_33
INFO: [VRFC 10-311] analyzing module divu_xbip_pipe_v3_0_4_viv__parameterized5_36
INFO: [VRFC 10-311] analyzing module divu_xbip_pipe_v3_0_4_viv__parameterized5_38
INFO: [VRFC 10-311] analyzing module divu_xbip_pipe_v3_0_4_viv__parameterized5_41
INFO: [VRFC 10-311] analyzing module divu_xbip_pipe_v3_0_4_viv__parameterized5_43
INFO: [VRFC 10-311] analyzing module divu_xbip_pipe_v3_0_4_viv__parameterized5_46
INFO: [VRFC 10-311] analyzing module divu_xbip_pipe_v3_0_4_viv__parameterized5_48
INFO: [VRFC 10-311] analyzing module divu_xbip_pipe_v3_0_4_viv__parameterized5_51
INFO: [VRFC 10-311] analyzing module divu_xbip_pipe_v3_0_4_viv__parameterized5_53
INFO: [VRFC 10-311] analyzing module divu_xbip_pipe_v3_0_4_viv__parameterized5_56
INFO: [VRFC 10-311] analyzing module divu_xbip_pipe_v3_0_4_viv__parameterized5_58
INFO: [VRFC 10-311] analyzing module divu_xbip_pipe_v3_0_4_viv__parameterized5_61
INFO: [VRFC 10-311] analyzing module divu_xbip_pipe_v3_0_4_viv__parameterized5_63
INFO: [VRFC 10-311] analyzing module divu_xbip_pipe_v3_0_4_viv__parameterized5_66
INFO: [VRFC 10-311] analyzing module divu_xbip_pipe_v3_0_4_viv__parameterized5_68
INFO: [VRFC 10-311] analyzing module divu_xbip_pipe_v3_0_4_viv__parameterized5_71
INFO: [VRFC 10-311] analyzing module divu_xbip_pipe_v3_0_4_viv__parameterized5_73
INFO: [VRFC 10-311] analyzing module divu_xbip_pipe_v3_0_4_viv__parameterized5_76
INFO: [VRFC 10-311] analyzing module divu_xbip_pipe_v3_0_4_viv__parameterized5_78
INFO: [VRFC 10-311] analyzing module divu_xbip_pipe_v3_0_4_viv__parameterized5_81
INFO: [VRFC 10-311] analyzing module divu_xbip_pipe_v3_0_4_viv__parameterized5_83
INFO: [VRFC 10-311] analyzing module divu_xbip_pipe_v3_0_4_viv__parameterized5_86
INFO: [VRFC 10-311] analyzing module divu_xbip_pipe_v3_0_4_viv__parameterized5_88
INFO: [VRFC 10-311] analyzing module divu_xbip_pipe_v3_0_4_viv__parameterized5_91
INFO: [VRFC 10-311] analyzing module divu_xbip_pipe_v3_0_4_viv__parameterized5_93
INFO: [VRFC 10-311] analyzing module divu_xbip_pipe_v3_0_4_viv__parameterized5_96
INFO: [VRFC 10-311] analyzing module divu_xbip_pipe_v3_0_4_viv__parameterized5_98
INFO: [VRFC 10-311] analyzing module divu_xbip_pipe_v3_0_4_viv__parameterized7
INFO: [VRFC 10-311] analyzing module divu_xbip_pipe_v3_0_4_viv__parameterized7_102
INFO: [VRFC 10-311] analyzing module divu_xbip_pipe_v3_0_4_viv__parameterized7_107
INFO: [VRFC 10-311] analyzing module divu_xbip_pipe_v3_0_4_viv__parameterized7_112
INFO: [VRFC 10-311] analyzing module divu_xbip_pipe_v3_0_4_viv__parameterized7_117
INFO: [VRFC 10-311] analyzing module divu_xbip_pipe_v3_0_4_viv__parameterized7_122
INFO: [VRFC 10-311] analyzing module divu_xbip_pipe_v3_0_4_viv__parameterized7_127
INFO: [VRFC 10-311] analyzing module divu_xbip_pipe_v3_0_4_viv__parameterized7_132
INFO: [VRFC 10-311] analyzing module divu_xbip_pipe_v3_0_4_viv__parameterized7_137
INFO: [VRFC 10-311] analyzing module divu_xbip_pipe_v3_0_4_viv__parameterized7_142
INFO: [VRFC 10-311] analyzing module divu_xbip_pipe_v3_0_4_viv__parameterized7_147
INFO: [VRFC 10-311] analyzing module divu_xbip_pipe_v3_0_4_viv__parameterized7_152
INFO: [VRFC 10-311] analyzing module divu_xbip_pipe_v3_0_4_viv__parameterized7_157
INFO: [VRFC 10-311] analyzing module divu_xbip_pipe_v3_0_4_viv__parameterized7_162
INFO: [VRFC 10-311] analyzing module divu_xbip_pipe_v3_0_4_viv__parameterized7_167
INFO: [VRFC 10-311] analyzing module divu_xbip_pipe_v3_0_4_viv__parameterized7_172
INFO: [VRFC 10-311] analyzing module divu_xbip_pipe_v3_0_4_viv__parameterized7_177
INFO: [VRFC 10-311] analyzing module divu_xbip_pipe_v3_0_4_viv__parameterized7_182
INFO: [VRFC 10-311] analyzing module divu_xbip_pipe_v3_0_4_viv__parameterized7_187
INFO: [VRFC 10-311] analyzing module divu_xbip_pipe_v3_0_4_viv__parameterized7_37
INFO: [VRFC 10-311] analyzing module divu_xbip_pipe_v3_0_4_viv__parameterized7_42
INFO: [VRFC 10-311] analyzing module divu_xbip_pipe_v3_0_4_viv__parameterized7_47
INFO: [VRFC 10-311] analyzing module divu_xbip_pipe_v3_0_4_viv__parameterized7_52
INFO: [VRFC 10-311] analyzing module divu_xbip_pipe_v3_0_4_viv__parameterized7_57
INFO: [VRFC 10-311] analyzing module divu_xbip_pipe_v3_0_4_viv__parameterized7_62
INFO: [VRFC 10-311] analyzing module divu_xbip_pipe_v3_0_4_viv__parameterized7_67
INFO: [VRFC 10-311] analyzing module divu_xbip_pipe_v3_0_4_viv__parameterized7_72
INFO: [VRFC 10-311] analyzing module divu_xbip_pipe_v3_0_4_viv__parameterized7_77
INFO: [VRFC 10-311] analyzing module divu_xbip_pipe_v3_0_4_viv__parameterized7_82
INFO: [VRFC 10-311] analyzing module divu_xbip_pipe_v3_0_4_viv__parameterized7_87
INFO: [VRFC 10-311] analyzing module divu_xbip_pipe_v3_0_4_viv__parameterized7_92
INFO: [VRFC 10-311] analyzing module divu_xbip_pipe_v3_0_4_viv__parameterized7_97
INFO: [VRFC 10-2263] Analyzing Verilog file "E:/sysclassfiles/cpu_1/cpu_1/cpu_1.srcs/sources_1/ip/mult/mult_sim_netlist.v" into library xil_defaultlib
INFO: [VRFC 10-311] analyzing module mult
INFO: [VRFC 10-311] analyzing module mult_mult_gen_v12_0_13
INFO: [VRFC 10-311] analyzing module mult_luts
INFO: [VRFC 10-311] analyzing module mult_mult_gen_v12_0_13_viv
INFO: [VRFC 10-2263] Analyzing Verilog file "E:/sysclassfiles/cpu_1/cpu_1/cpu_1.srcs/sources_1/ip/multu/multu_sim_netlist.v" into library xil_defaultlib
INFO: [VRFC 10-311] analyzing module multu
INFO: [VRFC 10-311] analyzing module multu_mult_gen_v12_0_13
INFO: [VRFC 10-311] analyzing module multu_luts
INFO: [VRFC 10-311] analyzing module multu_mult_gen_v12_0_13_viv
INFO: [VRFC 10-2263] Analyzing Verilog file "E:/sysclassfiles/cpu_1/cpu_1/cpu_1.srcs/sources_1/ip/program_rom0/program_rom0_sim_netlist.v" into library xil_defaultlib
INFO: [VRFC 10-311] analyzing module program_rom0
INFO: [VRFC 10-311] analyzing module program_rom0_bindec
INFO: [VRFC 10-311] analyzing module program_rom0_blk_mem_gen_generic_cstr
INFO: [VRFC 10-311] analyzing module program_rom0_blk_mem_gen_mux
INFO: [VRFC 10-311] analyzing module program_rom0_blk_mem_gen_prim_width
INFO: [VRFC 10-311] analyzing module program_rom0_blk_mem_gen_prim_width__parameterized0
INFO: [VRFC 10-311] analyzing module program_rom0_blk_mem_gen_prim_width__parameterized1
INFO: [VRFC 10-311] analyzing module program_rom0_blk_mem_gen_prim_width__parameterized10
INFO: [VRFC 10-311] analyzing module program_rom0_blk_mem_gen_prim_width__parameterized11
INFO: [VRFC 10-311] analyzing module program_rom0_blk_mem_gen_prim_width__parameterized12
INFO: [VRFC 10-311] analyzing module program_rom0_blk_mem_gen_prim_width__parameterized13
INFO: [VRFC 10-311] analyzing module program_rom0_blk_mem_gen_prim_width__parameterized2
INFO: [VRFC 10-311] analyzing module program_rom0_blk_mem_gen_prim_width__parameterized3
INFO: [VRFC 10-311] analyzing module program_rom0_blk_mem_gen_prim_width__parameterized4
INFO: [VRFC 10-311] analyzing module program_rom0_blk_mem_gen_prim_width__parameterized5
INFO: [VRFC 10-311] analyzing module program_rom0_blk_mem_gen_prim_width__parameterized6
INFO: [VRFC 10-311] analyzing module program_rom0_blk_mem_gen_prim_width__parameterized7
INFO: [VRFC 10-311] analyzing module program_rom0_blk_mem_gen_prim_width__parameterized8
INFO: [VRFC 10-311] analyzing module program_rom0_blk_mem_gen_prim_width__parameterized9
INFO: [VRFC 10-311] analyzing module program_rom0_blk_mem_gen_prim_wrapper_init
INFO: [VRFC 10-311] analyzing module program_rom0_blk_mem_gen_prim_wrapper_init__parameterized0
INFO: [VRFC 10-311] analyzing module program_rom0_blk_mem_gen_prim_wrapper_init__parameterized1
INFO: [VRFC 10-311] analyzing module program_rom0_blk_mem_gen_prim_wrapper_init__parameterized10
INFO: [VRFC 10-311] analyzing module program_rom0_blk_mem_gen_prim_wrapper_init__parameterized11
INFO: [VRFC 10-311] analyzing module program_rom0_blk_mem_gen_prim_wrapper_init__parameterized12
INFO: [VRFC 10-311] analyzing module program_rom0_blk_mem_gen_prim_wrapper_init__parameterized13
INFO: [VRFC 10-311] analyzing module program_rom0_blk_mem_gen_prim_wrapper_init__parameterized2
INFO: [VRFC 10-311] analyzing module program_rom0_blk_mem_gen_prim_wrapper_init__parameterized3
INFO: [VRFC 10-311] analyzing module program_rom0_blk_mem_gen_prim_wrapper_init__parameterized4
INFO: [VRFC 10-311] analyzing module program_rom0_blk_mem_gen_prim_wrapper_init__parameterized5
INFO: [VRFC 10-311] analyzing module program_rom0_blk_mem_gen_prim_wrapper_init__parameterized6
INFO: [VRFC 10-311] analyzing module program_rom0_blk_mem_gen_prim_wrapper_init__parameterized7
INFO: [VRFC 10-311] analyzing module program_rom0_blk_mem_gen_prim_wrapper_init__parameterized8
INFO: [VRFC 10-311] analyzing module program_rom0_blk_mem_gen_prim_wrapper_init__parameterized9
INFO: [VRFC 10-311] analyzing module program_rom0_blk_mem_gen_top
INFO: [VRFC 10-311] analyzing module program_rom0_blk_mem_gen_v8_4_1
INFO: [VRFC 10-311] analyzing module program_rom0_blk_mem_gen_v8_4_1_synth
INFO: [VRFC 10-2263] Analyzing Verilog file "E:/sysclassfiles/cpu_1/cpu_1/cpu_1.srcs/sources_1/ip/clk_wiz_0/clk_wiz_0_sim_netlist.v" into library xil_defaultlib
INFO: [VRFC 10-311] analyzing module clk_wiz_0
INFO: [VRFC 10-311] analyzing module clk_wiz_0_clk_wiz_0_clk_wiz
INFO: [VRFC 10-2263] Analyzing Verilog file "E:/sysclassfiles/cpu_1/cpu_1/cpu_1.srcs/sources_1/new/CP0.v" into library xil_defaultlib
INFO: [VRFC 10-311] analyzing module CP0
INFO: [VRFC 10-2263] Analyzing Verilog file "E:/sysclassfiles/cpu_1/cpu_1/cpu_1.srcs/sources_1/new/DataSelector_4to1.v" into library xil_defaultlib
INFO: [VRFC 10-311] analyzing module DataSelector_4to1
INFO: [VRFC 10-2263] Analyzing Verilog file "E:/sysclassfiles/cpu_1/cpu_1/cpu_1.srcs/sources_1/new/LED.v" into library xil_defaultlib
INFO: [VRFC 10-311] analyzing module LED
INFO: [VRFC 10-2263] Analyzing Verilog file "E:/sysclassfiles/cpu_1/cpu_1/cpu_1.srcs/sources_1/new/MIPS32.v" into library xil_defaultlib
INFO: [VRFC 10-311] analyzing module MIPS32
INFO: [VRFC 10-2263] Analyzing Verilog file "E:/sysclassfiles/cpu_1/cpu_1/cpu_1.srcs/sources_1/new/MIPS32_SYS.v" into library xil_defaultlib
INFO: [VRFC 10-311] analyzing module MIPS32_SYS
INFO: [VRFC 10-2263] Analyzing Verilog file "E:/sysclassfiles/cpu_1/cpu_1/cpu_1.srcs/sources_1/new/Main.v" into library xil_defaultlib
INFO: [VRFC 10-311] analyzing module Main
INFO: [VRFC 10-311] analyzing module IF
INFO: [VRFC 10-311] analyzing module PCJump
INFO: [VRFC 10-311] analyzing module PCAddImm
INFO: [VRFC 10-311] analyzing module PCAddFour
INFO: [VRFC 10-311] analyzing module SignExtend
INFO: [VRFC 10-311] analyzing module IR_reg
INFO: [VRFC 10-311] analyzing module ID
INFO: [VRFC 10-311] analyzing module regfile
INFO: [VRFC 10-311] analyzing module idexe_reg
INFO: [VRFC 10-311] analyzing module exe_stage
INFO: [VRFC 10-311] analyzing module hilo
INFO: [VRFC 10-311] analyzing module exemem_reg
INFO: [VRFC 10-311] analyzing module mem_stage
INFO: [VRFC 10-311] analyzing module IORW
INFO: [VRFC 10-311] analyzing module memwb_reg
INFO: [VRFC 10-311] analyzing module wb_stage
INFO: [VRFC 10-311] analyzing module ctrl
INFO: [VRFC 10-311] analyzing module Cause
INFO: [VRFC 10-311] analyzing module STATUS
INFO: [VRFC 10-2263] Analyzing Verilog file "E:/sysclassfiles/cpu_1/cpu_1/cpu_1.srcs/sources_1/new/dialSwitch.v" into library xil_defaultlib
INFO: [VRFC 10-311] analyzing module dialSwitch
INFO: [VRFC 10-2263] Analyzing Verilog file "E:/sysclassfiles/cpu_1/cpu_1/cpu_1.srcs/sources_1/new/dmemory32.v" into library xil_defaultlib
INFO: [VRFC 10-311] analyzing module dmemory32
INFO: [VRFC 10-2263] Analyzing Verilog file "E:/sysclassfiles/cpu_1/cpu_1/cpu_1.srcs/sources_1/new/keyboard.v" into library xil_defaultlib
INFO: [VRFC 10-311] analyzing module keyboard
INFO: [VRFC 10-2263] Analyzing Verilog file "E:/sysclassfiles/cpu_1/cpu_1/cpu_1.srcs/sources_1/new/nixieTube.v" into library xil_defaultlib
INFO: [VRFC 10-311] analyzing module nixieTube
INFO: [VRFC 10-2263] Analyzing Verilog file "E:/sysclassfiles/cpu_1/cpu_1/cpu_1.srcs/sim_1/new/MIPS32SYS_sim.v" into library xil_defaultlib
INFO: [VRFC 10-311] analyzing module MIPS32SYS_sim
